<?xml version="1.0" encoding="UTF-8"?>
<testng-results ignored="0" total="1" passed="1" failed="0" skipped="0">
  <reporter-output>
  </reporter-output>
  <suite started-at="2022-06-12T19:32:15 IST" name="Suite" finished-at="2022-06-12T19:33:08 IST" duration-ms="53341">
    <groups>
    </groups>
    <test started-at="2022-06-12T19:32:15 IST" name="Test" finished-at="2022-06-12T19:33:08 IST" duration-ms="53341">
      <class name="E2E.Selenium.testScripts.homePageTest">
        <test-method is-config="true" signature="openBrowser()[pri:0, instance:E2E.Selenium.testScripts.homePageTest@434a63ab]" started-at="2022-06-12T19:32:15 IST" name="openBrowser" finished-at="2022-06-12T19:33:00 IST" duration-ms="44590" status="PASS">
          <reporter-output>
          </reporter-output>
        </test-method> <!-- openBrowser -->
        <test-method signature="basePageNavigation()[pri:0, instance:E2E.Selenium.testScripts.homePageTest@434a63ab]" started-at="2022-06-12T19:33:00 IST" name="basePageNavigation" finished-at="2022-06-12T19:33:08 IST" duration-ms="7540" status="PASS">
          <reporter-output>
          </reporter-output>
        </test-method> <!-- basePageNavigation -->
        <test-method is-config="true" signature="closeBrowser()[pri:0, instance:E2E.Selenium.testScripts.homePageTest@434a63ab]" started-at="2022-06-12T19:33:08 IST" name="closeBrowser" finished-at="2022-06-12T19:33:08 IST" duration-ms="858" status="PASS">
          <reporter-output>
          </reporter-output>
        </test-method> <!-- closeBrowser -->
      </class> <!-- E2E.Selenium.testScripts.homePageTest -->
    </test> <!-- Test -->
  </suite> <!-- Suite -->
</testng-results>
