<?xml version="1.0" encoding="UTF-8"?>
<testng-results total="1" passed="1" failed="0" skipped="0">
  <reporter-output>
  </reporter-output>
  <suite started-at="2022-06-13T05:45:11Z" name="Suite" finished-at="2022-06-13T05:45:43Z" duration-ms="32653">
    <groups>
    </groups>
    <test started-at="2022-06-13T05:45:11Z" name="Test" finished-at="2022-06-13T05:45:43Z" duration-ms="32653">
      <class name="E2E.Selenium.testScripts.homePageTest">
        <test-method is-config="true" signature="openBrowser()[pri:0, instance:E2E.Selenium.testScripts.homePageTest@7357a011]" started-at="2022-06-13T11:15:11Z" name="openBrowser" finished-at="2022-06-13T11:15:38Z" duration-ms="27227" status="PASS">
          <reporter-output>
          </reporter-output>
        </test-method> <!-- openBrowser -->
        <test-method signature="basePageNavigation()[pri:0, instance:E2E.Selenium.testScripts.homePageTest@7357a011]" started-at="2022-06-13T11:15:38Z" name="basePageNavigation" finished-at="2022-06-13T11:15:43Z" duration-ms="5057" status="PASS">
          <reporter-output>
          </reporter-output>
        </test-method> <!-- basePageNavigation -->
        <test-method is-config="true" signature="closeBrowser()[pri:0, instance:E2E.Selenium.testScripts.homePageTest@7357a011]" started-at="2022-06-13T11:15:43Z" name="closeBrowser" finished-at="2022-06-13T11:15:43Z" duration-ms="347" status="PASS">
          <reporter-output>
          </reporter-output>
        </test-method> <!-- closeBrowser -->
      </class> <!-- E2E.Selenium.testScripts.homePageTest -->
    </test> <!-- Test -->
  </suite> <!-- Suite -->
</testng-results>
