<?xml version="1.0" encoding="UTF-8"?>
<testng-results ignored="0" total="1" passed="1" failed="0" skipped="0">
  <reporter-output>
  </reporter-output>
  <suite started-at="2022-06-13T11:11:27 IST" name="Suite" finished-at="2022-06-13T11:12:15 IST" duration-ms="47279">
    <groups>
    </groups>
    <test started-at="2022-06-13T11:11:27 IST" name="Test" finished-at="2022-06-13T11:12:15 IST" duration-ms="47279">
      <class name="E2E.Selenium.testScripts.homePageTest">
        <test-method is-config="true" signature="openBrowser()[pri:0, instance:E2E.Selenium.testScripts.homePageTest@7a5ceedd]" started-at="2022-06-13T11:11:27 IST" name="openBrowser" finished-at="2022-06-13T11:12:10 IST" duration-ms="42545" status="PASS">
          <reporter-output>
          </reporter-output>
        </test-method> <!-- openBrowser -->
        <test-method signature="basePageNavigation()[pri:0, instance:E2E.Selenium.testScripts.homePageTest@7a5ceedd]" started-at="2022-06-13T11:12:10 IST" name="basePageNavigation" finished-at="2022-06-13T11:12:14 IST" duration-ms="4441" status="PASS">
          <reporter-output>
          </reporter-output>
        </test-method> <!-- basePageNavigation -->
        <test-method is-config="true" signature="closeBrowser()[pri:0, instance:E2E.Selenium.testScripts.homePageTest@7a5ceedd]" started-at="2022-06-13T11:12:14 IST" name="closeBrowser" finished-at="2022-06-13T11:12:15 IST" duration-ms="221" status="PASS">
          <reporter-output>
          </reporter-output>
        </test-method> <!-- closeBrowser -->
      </class> <!-- E2E.Selenium.testScripts.homePageTest -->
    </test> <!-- Test -->
  </suite> <!-- Suite -->
</testng-results>
